<?xml version="1.0" encoding="UTF-8"?>
<testsuite xmlns:xsi="http://www.w3.org/2001/XMLSchema-instance" xsi:noNamespaceSchemaLocation="https://maven.apache.org/surefire/maven-surefire-plugin/xsd/surefire-test-report-3.0.xsd" version="3.0" name="com.swaglabs.tests.E2eTest" time="8.864" tests="5" errors="0" skipped="0" failures="0">
  <properties>
[...]
</properties>
  <testcase name="successfulLogin" classname="com.swaglabs.tests.E2eTest" time="0.943">
    <system-out><![CDATA[&amp#27;[34m[INFO] - [2025-11-07 02:43:55] [main] [com.swaglabs.listeners.TestNGListeners] - Test execution is starting.
&amp#27;[m&amp#27;[34m[INFO] - [2025-11-07 02:43:55] [main] [com.swaglabs.utils.PropertiesUtils] - Loading Properties File Data
&amp#27;[m&amp#27;[31;1m[ERROR] - [2025-11-07 02:43:55] [main] [com.swaglabs.utils.FileUtils] - Failed to delete file: E:\Testing\ITI\GP\ITI-Graduation-Automation-Web\test-outputs\Logs\log_2025-11-07_02-43-55.log - test-outputs\Logs\log_2025-11-07_02-43-55.log: The process cannot access the file because it is being used by another process
&amp#27;[m&amp#27;[34m[INFO] - [2025-11-07 02:43:55] [main] [com.swaglabs.utils.JsonUtils] - Json path: 'user.firstName' in the json file: 'test-data' has value: 'testFirst_'
&amp#27;[m&amp#27;[34m[INFO] - [2025-11-07 02:43:55] [main] [com.swaglabs.utils.JsonUtils] - Json path: 'user.lastName' in the json file: 'test-data' has value: 'testSecond_'
&amp#27;[m&amp#27;[34m[INFO] - [2025-11-07 02:43:58] [main] [com.swaglabs.utils.BrowserActions] - Navigated to URL: https://www.saucedemo.com/
&amp#27;[m&amp#27;[34m[INFO] - [2025-11-07 02:43:58] [main] [com.swaglabs.utils.JsonUtils] - Json path: 'login-credentials.username' in the json file: 'test-data' has value: 'standard_user'
&amp#27;[m&amp#27;[34m[INFO] - [2025-11-07 02:43:58] [main] [com.swaglabs.utils.Waits] - Waiting for element to be visible: By.id: user-name
&amp#27;[m&amp#27;[34m[INFO] - [2025-11-07 02:43:58] [main] [com.swaglabs.utils.Waits] - Waiting for element to be present: By.id: user-name
&amp#27;[m&amp#27;[34m[INFO] - [2025-11-07 02:43:58] [main] [com.swaglabs.utils.Scrolling] - Scrolling to element: By.id: user-name
&amp#27;[m&amp#27;[34m[INFO] - [2025-11-07 02:43:59] [main] [com.swaglabs.utils.ElementActions] - Data entered: standard_userin the field: By.id: user-name
&amp#27;[m&amp#27;[34m[INFO] - [2025-11-07 02:43:59] [main] [com.swaglabs.utils.JsonUtils] - Json path: 'login-credentials.password' in the json file: 'test-data' has value: 'secret_sauce'
&amp#27;[m&amp#27;[34m[INFO] - [2025-11-07 02:43:59] [main] [com.swaglabs.utils.Waits] - Waiting for element to be visible: By.id: password
&amp#27;[m&amp#27;[34m[INFO] - [2025-11-07 02:43:59] [main] [com.swaglabs.utils.Waits] - Waiting for element to be present: By.id: password
&amp#27;[m&amp#27;[34m[INFO] - [2025-11-07 02:43:59] [main] [com.swaglabs.utils.Scrolling] - Scrolling to element: By.id: password
&amp#27;[m&amp#27;[34m[INFO] - [2025-11-07 02:43:59] [main] [com.swaglabs.utils.ElementActions] - Data entered: secret_saucein the field: By.id: password
&amp#27;[m&amp#27;[34m[INFO] - [2025-11-07 02:43:59] [main] [com.swaglabs.utils.Waits] - Waiting for element to be clickable: By.id: login-button
&amp#27;[m&amp#27;[34m[INFO] - [2025-11-07 02:43:59] [main] [com.swaglabs.utils.Waits] - Waiting for element to be visible: By.id: login-button
&amp#27;[m&amp#27;[34m[INFO] - [2025-11-07 02:43:59] [main] [com.swaglabs.utils.Waits] - Waiting for element to be present: By.id: login-button
&amp#27;[m&amp#27;[34m[INFO] - [2025-11-07 02:43:59] [main] [com.swaglabs.utils.Scrolling] - Scrolling to element: By.id: login-button
&amp#27;[m&amp#27;[34m[INFO] - [2025-11-07 02:43:59] [main] [com.swaglabs.utils.ElementActions] - Clicked on element: By.id: login-button
&amp#27;[m&amp#27;[34m[INFO] - [2025-11-07 02:43:59] [main] [com.swaglabs.utils.BrowserActions] - Current URL: https://www.saucedemo.com/inventory.html
&amp#27;[m&amp#27;[34m[INFO] - [2025-11-07 02:43:59] [main] [com.swaglabs.utils.AllureUtils] - Logs file attached to Allure report: log_2025-11-07_02-43-55.log
&amp#27;[m]]></system-out>
    <system-err><![CDATA[SLF4J(W): No SLF4J providers were found.
SLF4J(W): Defaulting to no-operation (NOP) logger implementation
SLF4J(W): See https://www.slf4j.org/codes.html#noProviders for further details.
SLF4J(W): Class path contains SLF4J bindings targeting slf4j-api versions 1.7.x or earlier.
SLF4J(W): Ignoring binding found at [jar:file:/C:/Users/3bsatar/.m2/repository/org/apache/logging/log4j/log4j-slf4j-impl/2.24.3/log4j-slf4j-impl-2.24.3.jar!/org/slf4j/impl/StaticLoggerBinder.class]
SLF4J(W): See https://www.slf4j.org/codes.html#ignoredBindings for an explanation.
]]></system-err>
  </testcase>
  <testcase name="addingProductToCart" classname="com.swaglabs.tests.E2eTest" time="0.419">
    <system-out><![CDATA[&amp#27;[34m[INFO] - [2025-11-07 02:43:59] [main] [com.swaglabs.listeners.TestNGListeners] - Test 'successfulLogin' passed.
&amp#27;[m&amp#27;[34m[INFO] - [2025-11-07 02:43:59] [main] [com.swaglabs.utils.JsonUtils] - Json path: 'product-names.item1.name' in the json file: 'test-data' has value: 'Sauce Labs Backpack'
&amp#27;[m&amp#27;[34m[INFO] - [2025-11-07 02:43:59] [main] [com.swaglabs.pages.HomePage] - Adding product to cart: Sauce Labs Backpack
&amp#27;[m&amp#27;[34m[INFO] - [2025-11-07 02:43:59] [main] [com.swaglabs.utils.Waits] - Waiting for element to be clickable: [unknown locator]
&amp#27;[m&amp#27;[34m[INFO] - [2025-11-07 02:43:59] [main] [com.swaglabs.utils.Waits] - Waiting for element to be visible: [unknown locator]
&amp#27;[m&amp#27;[34m[INFO] - [2025-11-07 02:43:59] [main] [com.swaglabs.utils.Waits] - Waiting for element to be present: [unknown locator]
&amp#27;[m&amp#27;[34m[INFO] - [2025-11-07 02:43:59] [main] [com.swaglabs.utils.Scrolling] - Scrolling to element: [unknown locator]
&amp#27;[m&amp#27;[34m[INFO] - [2025-11-07 02:44:00] [main] [com.swaglabs.utils.ElementActions] - Clicked on element: [unknown locator]
&amp#27;[m&amp#27;[34m[INFO] - [2025-11-07 02:44:00] [main] [com.swaglabs.utils.JsonUtils] - Json path: 'product-names.item1.name' in the json file: 'test-data' has value: 'Sauce Labs Backpack'
&amp#27;[m&amp#27;[34m[INFO] - [2025-11-07 02:44:00] [main] [com.swaglabs.utils.Waits] - Waiting for element to be visible: [unknown locator]
&amp#27;[m&amp#27;[34m[INFO] - [2025-11-07 02:44:00] [main] [com.swaglabs.utils.Waits] - Waiting for element to be present: [unknown locator]
&amp#27;[m&amp#27;[34m[INFO] - [2025-11-07 02:44:00] [main] [com.swaglabs.utils.Scrolling] - Scrolling to element: [unknown locator]
&amp#27;[m&amp#27;[34m[INFO] - [2025-11-07 02:44:00] [main] [com.swaglabs.utils.ElementActions] - CGetting text from element: [unknown locator]Text: Remove
&amp#27;[m&amp#27;[34m[INFO] - [2025-11-07 02:44:00] [main] [com.swaglabs.pages.HomePage] - Asserting product added to cart: Sauce Labs Backpack, Actual Value: Remove
&amp#27;[m&amp#27;[34m[INFO] - [2025-11-07 02:44:00] [main] [com.swaglabs.pages.HomePage] - Product added to cart successfully: Sauce Labs Backpack
&amp#27;[m&amp#27;[34m[INFO] - [2025-11-07 02:44:00] [main] [com.swaglabs.utils.AllureUtils] - Logs file attached to Allure report: log_2025-11-07_02-43-55.log
&amp#27;[m]]></system-out>
  </testcase>
  <testcase name="checkoutProduct" classname="com.swaglabs.tests.E2eTest" time="0.512">
    <system-out><![CDATA[&amp#27;[34m[INFO] - [2025-11-07 02:44:00] [main] [com.swaglabs.listeners.TestNGListeners] - Test 'addingProductToCart' passed.
&amp#27;[m&amp#27;[34m[INFO] - [2025-11-07 02:44:00] [main] [com.swaglabs.pages.HomePage] - Clicking on cart icon
&amp#27;[m&amp#27;[34m[INFO] - [2025-11-07 02:44:00] [main] [com.swaglabs.utils.Waits] - Waiting for element to be clickable: By.cssSelector: [data-test='shopping-cart-link']
&amp#27;[m&amp#27;[34m[INFO] - [2025-11-07 02:44:00] [main] [com.swaglabs.utils.Waits] - Waiting for element to be visible: By.cssSelector: [data-test='shopping-cart-link']
&amp#27;[m&amp#27;[34m[INFO] - [2025-11-07 02:44:00] [main] [com.swaglabs.utils.Waits] - Waiting for element to be present: By.cssSelector: [data-test='shopping-cart-link']
&amp#27;[m&amp#27;[34m[INFO] - [2025-11-07 02:44:00] [main] [com.swaglabs.utils.Scrolling] - Scrolling to element: By.cssSelector: [data-test='shopping-cart-link']
&amp#27;[m&amp#27;[34m[INFO] - [2025-11-07 02:44:00] [main] [com.swaglabs.utils.ElementActions] - Clicked on element: By.cssSelector: [data-test='shopping-cart-link']
&amp#27;[m&amp#27;[34m[INFO] - [2025-11-07 02:44:00] [main] [com.swaglabs.utils.JsonUtils] - Json path: 'product-names.item1.name' in the json file: 'test-data' has value: 'Sauce Labs Backpack'
&amp#27;[m&amp#27;[34m[INFO] - [2025-11-07 02:44:00] [main] [com.swaglabs.utils.JsonUtils] - Json path: 'product-names.item1.price' in the json file: 'test-data' has value: '$29.99'
&amp#27;[m&amp#27;[34m[INFO] - [2025-11-07 02:44:00] [main] [com.swaglabs.utils.Waits] - Waiting for element to be visible: By.cssSelector: .inventory_item_name
&amp#27;[m&amp#27;[34m[INFO] - [2025-11-07 02:44:00] [main] [com.swaglabs.utils.Waits] - Waiting for element to be present: By.cssSelector: .inventory_item_name
&amp#27;[m&amp#27;[34m[INFO] - [2025-11-07 02:44:00] [main] [com.swaglabs.utils.Scrolling] - Scrolling to element: By.cssSelector: .inventory_item_name
&amp#27;[m&amp#27;[34m[INFO] - [2025-11-07 02:44:00] [main] [com.swaglabs.utils.ElementActions] - CGetting text from element: By.cssSelector: .inventory_item_nameText: Sauce Labs Backpack
&amp#27;[m&amp#27;[34m[INFO] - [2025-11-07 02:44:00] [main] [com.swaglabs.utils.Waits] - Waiting for element to be visible: By.cssSelector: .inventory_item_price
&amp#27;[m&amp#27;[34m[INFO] - [2025-11-07 02:44:00] [main] [com.swaglabs.utils.Waits] - Waiting for element to be present: By.cssSelector: .inventory_item_price
&amp#27;[m&amp#27;[34m[INFO] - [2025-11-07 02:44:00] [main] [com.swaglabs.utils.Scrolling] - Scrolling to element: By.cssSelector: .inventory_item_price
&amp#27;[m&amp#27;[34m[INFO] - [2025-11-07 02:44:00] [main] [com.swaglabs.utils.ElementActions] - CGetting text from element: By.cssSelector: .inventory_item_priceText: $29.99
&amp#27;[m&amp#27;[34m[INFO] - [2025-11-07 02:44:00] [main] [com.swaglabs.utils.AllureUtils] - Logs file attached to Allure report: log_2025-11-07_02-43-55.log
&amp#27;[m]]></system-out>
  </testcase>
  <testcase name="fillInformationForm" classname="com.swaglabs.tests.E2eTest" time="0.878">
    <system-out><![CDATA[&amp#27;[34m[INFO] - [2025-11-07 02:44:00] [main] [com.swaglabs.listeners.TestNGListeners] - Test 'checkoutProduct' passed.
&amp#27;[m&amp#27;[34m[INFO] - [2025-11-07 02:44:00] [main] [com.swaglabs.utils.Waits] - Waiting for element to be clickable: By.cssSelector: .checkout_button
&amp#27;[m&amp#27;[34m[INFO] - [2025-11-07 02:44:00] [main] [com.swaglabs.utils.Waits] - Waiting for element to be visible: By.cssSelector: .checkout_button
&amp#27;[m&amp#27;[34m[INFO] - [2025-11-07 02:44:00] [main] [com.swaglabs.utils.Waits] - Waiting for element to be present: By.cssSelector: .checkout_button
&amp#27;[m&amp#27;[34m[INFO] - [2025-11-07 02:44:00] [main] [com.swaglabs.utils.Scrolling] - Scrolling to element: By.cssSelector: .checkout_button
&amp#27;[m&amp#27;[34m[INFO] - [2025-11-07 02:44:00] [main] [com.swaglabs.utils.ElementActions] - Clicked on element: By.cssSelector: .checkout_button
&amp#27;[m&amp#27;[34m[INFO] - [2025-11-07 02:44:00] [main] [com.swaglabs.utils.JsonUtils] - Json path: 'user.postalCode' in the json file: 'test-data' has value: '12345'
&amp#27;[m&amp#27;[34m[INFO] - [2025-11-07 02:44:00] [main] [com.swaglabs.utils.Waits] - Waiting for element to be visible: By.id: first-name
&amp#27;[m&amp#27;[34m[INFO] - [2025-11-07 02:44:00] [main] [com.swaglabs.utils.Waits] - Waiting for element to be present: By.id: first-name
&amp#27;[m&amp#27;[34m[INFO] - [2025-11-07 02:44:00] [main] [com.swaglabs.utils.Scrolling] - Scrolling to element: By.id: first-name
&amp#27;[m&amp#27;[34m[INFO] - [2025-11-07 02:44:01] [main] [com.swaglabs.utils.ElementActions] - Data entered: testFirst_2025-11-07-02-43-55in the field: By.id: first-name
&amp#27;[m&amp#27;[34m[INFO] - [2025-11-07 02:44:01] [main] [com.swaglabs.utils.Waits] - Waiting for element to be visible: By.id: last-name
&amp#27;[m&amp#27;[34m[INFO] - [2025-11-07 02:44:01] [main] [com.swaglabs.utils.Waits] - Waiting for element to be present: By.id: last-name
&amp#27;[m&amp#27;[34m[INFO] - [2025-11-07 02:44:01] [main] [com.swaglabs.utils.Scrolling] - Scrolling to element: By.id: last-name
&amp#27;[m&amp#27;[34m[INFO] - [2025-11-07 02:44:01] [main] [com.swaglabs.utils.ElementActions] - Data entered: testSecond_2025-11-07-02-43-55in the field: By.id: last-name
&amp#27;[m&amp#27;[34m[INFO] - [2025-11-07 02:44:01] [main] [com.swaglabs.utils.Waits] - Waiting for element to be visible: By.id: postal-code
&amp#27;[m&amp#27;[34m[INFO] - [2025-11-07 02:44:01] [main] [com.swaglabs.utils.Waits] - Waiting for element to be present: By.id: postal-code
&amp#27;[m&amp#27;[34m[INFO] - [2025-11-07 02:44:01] [main] [com.swaglabs.utils.Scrolling] - Scrolling to element: By.id: postal-code
&amp#27;[m&amp#27;[34m[INFO] - [2025-11-07 02:44:01] [main] [com.swaglabs.utils.ElementActions] - Data entered: 12345in the field: By.id: postal-code
&amp#27;[m&amp#27;[34m[INFO] - [2025-11-07 02:44:01] [main] [com.swaglabs.utils.JsonUtils] - Json path: 'user.postalCode' in the json file: 'test-data' has value: '12345'
&amp#27;[m&amp#27;[34m[INFO] - [2025-11-07 02:44:01] [main] [com.swaglabs.utils.Waits] - Waiting for element to be visible: By.id: first-name
&amp#27;[m&amp#27;[34m[INFO] - [2025-11-07 02:44:01] [main] [com.swaglabs.utils.Waits] - Waiting for element to be present: By.id: first-name
&amp#27;[m&amp#27;[34m[INFO] - [2025-11-07 02:44:01] [main] [com.swaglabs.utils.Scrolling] - Scrolling to element: By.id: first-name
&amp#27;[m&amp#27;[34m[INFO] - [2025-11-07 02:44:01] [main] [com.swaglabs.utils.ElementActions] - Getting text from input element: By.id: first-nameText: testFirst_2025-11-07-02-43-55
&amp#27;[m&amp#27;[34m[INFO] - [2025-11-07 02:44:01] [main] [com.swaglabs.utils.Waits] - Waiting for element to be visible: By.id: last-name
&amp#27;[m&amp#27;[34m[INFO] - [2025-11-07 02:44:01] [main] [com.swaglabs.utils.Waits] - Waiting for element to be present: By.id: last-name
&amp#27;[m&amp#27;[34m[INFO] - [2025-11-07 02:44:01] [main] [com.swaglabs.utils.Scrolling] - Scrolling to element: By.id: last-name
&amp#27;[m&amp#27;[34m[INFO] - [2025-11-07 02:44:01] [main] [com.swaglabs.utils.ElementActions] - Getting text from input element: By.id: last-nameText: testSecond_2025-11-07-02-43-55
&amp#27;[m&amp#27;[34m[INFO] - [2025-11-07 02:44:01] [main] [com.swaglabs.utils.Waits] - Waiting for element to be visible: By.id: postal-code
&amp#27;[m&amp#27;[34m[INFO] - [2025-11-07 02:44:01] [main] [com.swaglabs.utils.Waits] - Waiting for element to be present: By.id: postal-code
&amp#27;[m&amp#27;[34m[INFO] - [2025-11-07 02:44:01] [main] [com.swaglabs.utils.Scrolling] - Scrolling to element: By.id: postal-code
&amp#27;[m&amp#27;[34m[INFO] - [2025-11-07 02:44:01] [main] [com.swaglabs.utils.ElementActions] - Getting text from input element: By.id: postal-codeText: 12345
&amp#27;[m&amp#27;[34m[INFO] - [2025-11-07 02:44:01] [main] [com.swaglabs.utils.AllureUtils] - Logs file attached to Allure report: log_2025-11-07_02-43-55.log
&amp#27;[m]]></system-out>
  </testcase>
  <testcase name="overviewPage" classname="com.swaglabs.tests.E2eTest" time="0.407">
    <system-out><![CDATA[&amp#27;[34m[INFO] - [2025-11-07 02:44:01] [main] [com.swaglabs.listeners.TestNGListeners] - Test 'fillInformationForm' passed.
&amp#27;[m&amp#27;[34m[INFO] - [2025-11-07 02:44:01] [main] [com.swaglabs.utils.Waits] - Waiting for element to be clickable: By.id: continue
&amp#27;[m&amp#27;[34m[INFO] - [2025-11-07 02:44:01] [main] [com.swaglabs.utils.Waits] - Waiting for element to be visible: By.id: continue
&amp#27;[m&amp#27;[34m[INFO] - [2025-11-07 02:44:01] [main] [com.swaglabs.utils.Waits] - Waiting for element to be present: By.id: continue
&amp#27;[m&amp#27;[34m[INFO] - [2025-11-07 02:44:01] [main] [com.swaglabs.utils.Scrolling] - Scrolling to element: By.id: continue
&amp#27;[m&amp#27;[34m[INFO] - [2025-11-07 02:44:01] [main] [com.swaglabs.utils.ElementActions] - Clicked on element: By.id: continue
&amp#27;[m&amp#27;[34m[INFO] - [2025-11-07 02:44:01] [main] [com.swaglabs.utils.Waits] - Waiting for element to be clickable: By.id: finish
&amp#27;[m&amp#27;[34m[INFO] - [2025-11-07 02:44:01] [main] [com.swaglabs.utils.Waits] - Waiting for element to be visible: By.id: finish
&amp#27;[m&amp#27;[34m[INFO] - [2025-11-07 02:44:01] [main] [com.swaglabs.utils.Waits] - Waiting for element to be present: By.id: finish
&amp#27;[m&amp#27;[34m[INFO] - [2025-11-07 02:44:01] [main] [com.swaglabs.utils.Scrolling] - Scrolling to element: By.id: finish
&amp#27;[m&amp#27;[34m[INFO] - [2025-11-07 02:44:01] [main] [com.swaglabs.utils.ElementActions] - Clicked on element: By.id: finish
&amp#27;[m&amp#27;[34m[INFO] - [2025-11-07 02:44:01] [main] [com.swaglabs.utils.JsonUtils] - Json path: 'confirmation-message' in the json file: 'test-data' has value: 'Thank you for your order!'
&amp#27;[m&amp#27;[34m[INFO] - [2025-11-07 02:44:01] [main] [com.swaglabs.utils.Waits] - Waiting for element to be visible: By.cssSelector: .complete-header
&amp#27;[m&amp#27;[34m[INFO] - [2025-11-07 02:44:01] [main] [com.swaglabs.utils.Waits] - Waiting for element to be present: By.cssSelector: .complete-header
&amp#27;[m&amp#27;[34m[INFO] - [2025-11-07 02:44:01] [main] [com.swaglabs.utils.Scrolling] - Scrolling to element: By.cssSelector: .complete-header
&amp#27;[m&amp#27;[34m[INFO] - [2025-11-07 02:44:01] [main] [com.swaglabs.utils.ElementActions] - CGetting text from element: By.cssSelector: .complete-headerText: Thank you for your order!
&amp#27;[m&amp#27;[34m[INFO] - [2025-11-07 02:44:02] [main] [com.swaglabs.utils.AllureUtils] - Logs file attached to Allure report: log_2025-11-07_02-43-55.log
&amp#27;[m]]></system-out>
  </testcase>
</testsuite>