<?xml version="1.0" encoding="UTF-8"?>
<testng-results ignored="0" total="5" passed="5" failed="0" skipped="0">
  <reporter-output>
  </reporter-output>
  <suite started-at="2025-11-07T02:57:19 EET" name="Surefire suite" finished-at="2025-11-07T02:57:26 EET" duration-ms="6841">
    <groups>
    </groups>
    <test started-at="2025-11-07T02:57:19 EET" name="Surefire test" finished-at="2025-11-07T02:57:26 EET" duration-ms="6841">
      <class name="com.swaglabs.tests.E2eTest">
        <test-method is-config="true" signature="setup()[pri:0, instance:com.swaglabs.tests.E2eTest@59712875]" started-at="2025-11-07T02:57:19 EET" name="setup" finished-at="2025-11-07T02:57:22 EET" duration-ms="3095" status="PASS">
          <reporter-output>
          </reporter-output>
        </test-method> <!-- setup -->
        <test-method signature="successfulLogin()[pri:0, instance:com.swaglabs.tests.E2eTest@59712875]" started-at="2025-11-07T02:57:22 EET" name="successfulLogin" finished-at="2025-11-07T02:57:23 EET" duration-ms="840" status="PASS">
          <reporter-output>
          </reporter-output>
        </test-method> <!-- successfulLogin -->
        <test-method signature="addingProductToCart()[pri:0, instance:com.swaglabs.tests.E2eTest@59712875]" started-at="2025-11-07T02:57:23 EET" name="addingProductToCart" finished-at="2025-11-07T02:57:24 EET" depends-on-methods="com.swaglabs.tests.E2eTest.successfulLogin" duration-ms="282" status="PASS">
          <reporter-output>
          </reporter-output>
        </test-method> <!-- addingProductToCart -->
        <test-method signature="checkoutProduct()[pri:0, instance:com.swaglabs.tests.E2eTest@59712875]" started-at="2025-11-07T02:57:24 EET" name="checkoutProduct" finished-at="2025-11-07T02:57:24 EET" depends-on-methods="com.swaglabs.tests.E2eTest.addingProductToCart" duration-ms="357" status="PASS">
          <reporter-output>
          </reporter-output>
        </test-method> <!-- checkoutProduct -->
        <test-method signature="fillInformationForm()[pri:0, instance:com.swaglabs.tests.E2eTest@59712875]" started-at="2025-11-07T02:57:24 EET" name="fillInformationForm" finished-at="2025-11-07T02:57:25 EET" depends-on-methods="com.swaglabs.tests.E2eTest.checkoutProduct" duration-ms="703" status="PASS">
          <reporter-output>
          </reporter-output>
        </test-method> <!-- fillInformationForm -->
        <test-method signature="overviewPage()[pri:0, instance:com.swaglabs.tests.E2eTest@59712875]" started-at="2025-11-07T02:57:25 EET" name="overviewPage" finished-at="2025-11-07T02:57:25 EET" depends-on-methods="com.swaglabs.tests.E2eTest.fillInformationForm" duration-ms="470" status="PASS">
          <reporter-output>
          </reporter-output>
        </test-method> <!-- overviewPage -->
        <test-method is-config="true" signature="tearDown()[pri:0, instance:com.swaglabs.tests.E2eTest@59712875]" started-at="2025-11-07T02:57:26 EET" name="tearDown" finished-at="2025-11-07T02:57:26 EET" duration-ms="273" status="PASS">
          <reporter-output>
          </reporter-output>
        </test-method> <!-- tearDown -->
      </class> <!-- com.swaglabs.tests.E2eTest -->
    </test> <!-- Surefire test -->
  </suite> <!-- Surefire suite -->
</testng-results>
