{"uuid":"bce18c4d-7c79-46a1-8864-b56a314c436c","historyId":"218330742ce6543131399c2a3c6d4d3e","fullName":"io.cucumber.testng.AbstractTestNGCucumberTests.runScenario","labels":[{"name":"package","value":"runner.TestRunner"},{"name":"testClass","value":"runner.TestRunner"},{"name":"testMethod","value":"runScenario"},{"name":"parentSuite","value":"Default Suite"},{"name":"suite","value":"ITI-Graduation-Automation-Web"},{"name":"subSuite","value":"runner.TestRunner"},{"name":"host","value":"3bsatar"},{"name":"thread","value":"6872@3bsatar.main(3)"},{"name":"framework","value":"testng"},{"name":"language","value":"java"}],"links":[],"name":"Runs Cucumber Scenarios","status":"failed","statusDetails":{"known":false,"muted":false,"flaky":false,"message":"expected [null] but found [https://www.saucedemo.com/inventory.html]","trace":"java.lang.AssertionError: expected [null] but found [https://www.saucedemo.com/inventory.html]\r\n\tat org.testng.Assert.fail(Assert.java:111)\r\n\tat org.testng.Assert.failNotEquals(Assert.java:1590)\r\n\tat org.testng.Assert.assertEqualsImpl(Assert.java:150)\r\n\tat org.testng.Assert.assertEquals(Assert.java:132)\r\n\tat org.testng.Assert.assertEquals(Assert.java:656)\r\n\tat org.testng.Assert.assertEquals(Assert.java:666)\r\n\tat com.swaglabs.utils.Validations.validatePageUrl(Validations.java:38)\r\n\tat com.swaglabs.pages.LoginPage.assertSucessfulLogin(LoginPage.java:86)\r\n\tat steps.EshopSteps.userLogsIn(EshopSteps.java:43)\r\n\tat âœ½.the user logs in with valid credentials(file:///E:/Testing/ITI/GP/ITI-Graduation-Automation-Web/src/test/resources/features/Eshop.feature:5)\r\n"},"stage":"finished","steps":[{"name":"Navigate to the login page","status":"passed","stage":"finished","steps":[{"name":"Navigate to URL: https://www.saucedemo.com/","status":"passed","stage":"finished","steps":[],"attachments":[],"parameters":[{"name":"driver","value":"ChromeDriver: chrome on windows (03a4f424fcc2b2a9ad434b464bb35d9b)"},{"name":"url","value":"https://www.saucedemo.com/"}],"start":1764351835212,"stop":1764351843376}],"attachments":[],"parameters":[],"start":1764351835199,"stop":1764351843376},{"name":"Enter username: standard_user","status":"passed","stage":"finished","steps":[{"name":"Send data to element: By.id: user-name with data: standard_user","status":"passed","stage":"finished","steps":[{"name":"Scrolling to element: By.id: user-name","status":"passed","stage":"finished","steps":[],"attachments":[],"parameters":[{"name":"driver","value":"ChromeDriver: chrome on windows (03a4f424fcc2b2a9ad434b464bb35d9b)"},{"name":"locator","value":"By.id: user-name"}],"start":1764351843787,"stop":1764351843843}],"attachments":[],"parameters":[{"name":"driver","value":"ChromeDriver: chrome on windows (03a4f424fcc2b2a9ad434b464bb35d9b)"},{"name":"locator","value":"By.id: user-name"},{"name":"data","value":"standard_user"}],"start":1764351843692,"stop":1764351844016}],"attachments":[],"parameters":[{"name":"username","value":"standard_user"}],"start":1764351843661,"stop":1764351844016},{"name":"Enter password: secret_sauce","status":"passed","stage":"finished","steps":[{"name":"Send data to element: By.id: password with data: secret_sauce","status":"passed","stage":"finished","steps":[{"name":"Scrolling to element: By.id: password","status":"passed","stage":"finished","steps":[],"attachments":[],"parameters":[{"name":"driver","value":"ChromeDriver: chrome on windows (03a4f424fcc2b2a9ad434b464bb35d9b)"},{"name":"locator","value":"By.id: password"}],"start":1764351844072,"stop":1764351844112}],"attachments":[],"parameters":[{"name":"driver","value":"ChromeDriver: chrome on windows (03a4f424fcc2b2a9ad434b464bb35d9b)"},{"name":"locator","value":"By.id: password"},{"name":"data","value":"secret_sauce"}],"start":1764351844021,"stop":1764351844233}],"attachments":[],"parameters":[{"name":"password","value":"secret_sauce"}],"start":1764351844021,"stop":1764351844233},{"name":"Click on login button","status":"passed","stage":"finished","steps":[{"name":"Click on element: By.id: login-button","status":"passed","stage":"finished","steps":[{"name":"Scrolling to element: By.id: login-button","status":"passed","stage":"finished","steps":[],"attachments":[],"parameters":[{"name":"driver","value":"ChromeDriver: chrome on windows (03a4f424fcc2b2a9ad434b464bb35d9b)"},{"name":"locator","value":"By.id: login-button"}],"start":1764351844295,"stop":1764351844341}],"attachments":[],"parameters":[{"name":"driver","value":"ChromeDriver: chrome on windows (03a4f424fcc2b2a9ad434b464bb35d9b)"},{"name":"locator","value":"By.id: login-button"}],"start":1764351844238,"stop":1764351844530}],"attachments":[],"parameters":[],"start":1764351844233,"stop":1764351844530},{"name":"Assert successful login","status":"failed","statusDetails":{"known":false,"muted":false,"flaky":false,"message":"expected [null] but found [https://www.saucedemo.com/inventory.html]","trace":"java.lang.AssertionError: expected [null] but found [https://www.saucedemo.com/inventory.html]\r\n\tat org.testng.Assert.fail(Assert.java:111)\r\n\tat org.testng.Assert.failNotEquals(Assert.java:1590)\r\n\tat org.testng.Assert.assertEqualsImpl(Assert.java:150)\r\n\tat org.testng.Assert.assertEquals(Assert.java:132)\r\n\tat org.testng.Assert.assertEquals(Assert.java:656)\r\n\tat org.testng.Assert.assertEquals(Assert.java:666)\r\n\tat com.swaglabs.utils.Validations.validatePageUrl(Validations.java:38)\r\n\tat com.swaglabs.pages.LoginPage.assertSucessfulLogin(LoginPage.java:86)\r\n\tat steps.EshopSteps.userLogsIn(EshopSteps.java:43)\r\n\tat java.base/jdk.internal.reflect.DirectMethodHandleAccessor.invoke(DirectMethodHandleAccessor.java:104)\r\n\tat java.base/java.lang.reflect.Method.invoke(Method.java:565)\r\n\tat io.cucumber.java.Invoker.doInvoke(Invoker.java:66)\r\n\tat io.cucumber.java.Invoker.invoke(Invoker.java:24)\r\n\tat io.cucumber.java.AbstractGlueDefinition.invokeMethod(AbstractGlueDefinition.java:47)\r\n\tat io.cucumber.java.JavaStepDefinition.execute(JavaStepDefinition.java:29)\r\n\tat io.cucumber.core.runner.CoreStepDefinition.execute(CoreStepDefinition.java:66)\r\n\tat io.cucumber.core.runner.PickleStepDefinitionMatch.runStep(PickleStepDefinitionMatch.java:62)\r\n\tat io.cucumber.core.runner.ExecutionMode$1.execute(ExecutionMode.java:10)\r\n\tat io.cucumber.core.runner.TestStep.executeStep(TestStep.java:81)\r\n\tat io.cucumber.core.runner.TestStep.run(TestStep.java:53)\r\n\tat io.cucumber.core.runner.PickleStepTestStep.run(PickleStepTestStep.java:51)\r\n\tat io.cucumber.core.runner.TestCase.run(TestCase.java:87)\r\n\tat io.cucumber.core.runner.Runner.runPickle(Runner.java:78)\r\n\tat io.cucumber.testng.TestNGCucumberRunner.lambda$runScenario$1(TestNGCucumberRunner.java:135)\r\n\tat io.cucumber.core.runtime.CucumberExecutionContext.lambda$runTestCase$5(CucumberExecutionContext.java:136)\r\n\tat io.cucumber.core.runtime.RethrowingThrowableCollector.executeAndThrow(RethrowingThrowableCollector.java:23)\r\n\tat io.cucumber.core.runtime.CucumberExecutionContext.runTestCase(CucumberExecutionContext.java:136)\r\n\tat io.cucumber.testng.TestNGCucumberRunner.runScenario(TestNGCucumberRunner.java:132)\r\n\tat io.cucumber.testng.AbstractTestNGCucumberTests.runScenario(AbstractTestNGCucumberTests.java:35)\r\n\tat java.base/jdk.internal.reflect.DirectMethodHandleAccessor.invoke(DirectMethodHandleAccessor.java:104)\r\n\tat java.base/java.lang.reflect.Method.invoke(Method.java:565)\r\n\tat org.testng.internal.invokers.MethodInvocationHelper.invokeMethod(MethodInvocationHelper.java:141)\r\n\tat org.testng.internal.invokers.TestInvoker.invokeMethod(TestInvoker.java:687)\r\n\tat org.testng.internal.invokers.TestInvoker.invokeTestMethod(TestInvoker.java:230)\r\n\tat org.testng.internal.invokers.MethodRunner.runInSequence(MethodRunner.java:63)\r\n\tat org.testng.internal.invokers.TestInvoker$MethodInvocationAgent.invoke(TestInvoker.java:995)\r\n\tat org.testng.internal.invokers.TestInvoker.invokeTestMethods(TestInvoker.java:203)\r\n\tat org.testng.internal.invokers.TestMethodWorker.invokeTestMethods(TestMethodWorker.java:154)\r\n\tat org.testng.internal.invokers.TestMethodWorker.run(TestMethodWorker.java:134)\r\n\tat java.base/java.util.ArrayList.forEach(ArrayList.java:1604)\r\n\tat org.testng.TestRunner.privateRun(TestRunner.java:741)\r\n\tat org.testng.TestRunner.run(TestRunner.java:616)\r\n\tat org.testng.SuiteRunner.runTest(SuiteRunner.java:421)\r\n\tat org.testng.SuiteRunner.runSequentially(SuiteRunner.java:413)\r\n\tat org.testng.SuiteRunner.privateRun(SuiteRunner.java:373)\r\n\tat org.testng.SuiteRunner.run(SuiteRunner.java:312)\r\n\tat org.testng.SuiteRunnerWorker.runSuite(SuiteRunnerWorker.java:52)\r\n\tat org.testng.SuiteRunnerWorker.run(SuiteRunnerWorker.java:95)\r\n\tat org.testng.TestNG.runSuitesSequentially(TestNG.java:1274)\r\n\tat org.testng.TestNG.runSuitesLocally(TestNG.java:1208)\r\n\tat org.testng.TestNG.runSuites(TestNG.java:1112)\r\n\tat org.testng.TestNG.run(TestNG.java:1079)\r\n\tat com.intellij.rt.testng.IDEARemoteTestNG.run(IDEARemoteTestNG.java:65)\r\n\tat com.intellij.rt.testng.RemoteTestNGStarter.main(RemoteTestNGStarter.java:105)\r\n"},"stage":"finished","steps":[{"name":"Validate Page Url: null","status":"failed","statusDetails":{"known":false,"muted":false,"flaky":false,"message":"expected [null] but found [https://www.saucedemo.com/inventory.html]","trace":"java.lang.AssertionError: expected [null] but found [https://www.saucedemo.com/inventory.html]\r\n\tat org.testng.Assert.fail(Assert.java:111)\r\n\tat org.testng.Assert.failNotEquals(Assert.java:1590)\r\n\tat org.testng.Assert.assertEqualsImpl(Assert.java:150)\r\n\tat org.testng.Assert.assertEquals(Assert.java:132)\r\n\tat org.testng.Assert.assertEquals(Assert.java:656)\r\n\tat org.testng.Assert.assertEquals(Assert.java:666)\r\n\tat com.swaglabs.utils.Validations.validatePageUrl(Validations.java:38)\r\n\tat com.swaglabs.pages.LoginPage.assertSucessfulLogin(LoginPage.java:86)\r\n\tat steps.EshopSteps.userLogsIn(EshopSteps.java:43)\r\n\tat java.base/jdk.internal.reflect.DirectMethodHandleAccessor.invoke(DirectMethodHandleAccessor.java:104)\r\n\tat java.base/java.lang.reflect.Method.invoke(Method.java:565)\r\n\tat io.cucumber.java.Invoker.doInvoke(Invoker.java:66)\r\n\tat io.cucumber.java.Invoker.invoke(Invoker.java:24)\r\n\tat io.cucumber.java.AbstractGlueDefinition.invokeMethod(AbstractGlueDefinition.java:47)\r\n\tat io.cucumber.java.JavaStepDefinition.execute(JavaStepDefinition.java:29)\r\n\tat io.cucumber.core.runner.CoreStepDefinition.execute(CoreStepDefinition.java:66)\r\n\tat io.cucumber.core.runner.PickleStepDefinitionMatch.runStep(PickleStepDefinitionMatch.java:62)\r\n\tat io.cucumber.core.runner.ExecutionMode$1.execute(ExecutionMode.java:10)\r\n\tat io.cucumber.core.runner.TestStep.executeStep(TestStep.java:81)\r\n\tat io.cucumber.core.runner.TestStep.run(TestStep.java:53)\r\n\tat io.cucumber.core.runner.PickleStepTestStep.run(PickleStepTestStep.java:51)\r\n\tat io.cucumber.core.runner.TestCase.run(TestCase.java:87)\r\n\tat io.cucumber.core.runner.Runner.runPickle(Runner.java:78)\r\n\tat io.cucumber.testng.TestNGCucumberRunner.lambda$runScenario$1(TestNGCucumberRunner.java:135)\r\n\tat io.cucumber.core.runtime.CucumberExecutionContext.lambda$runTestCase$5(CucumberExecutionContext.java:136)\r\n\tat io.cucumber.core.runtime.RethrowingThrowableCollector.executeAndThrow(RethrowingThrowableCollector.java:23)\r\n\tat io.cucumber.core.runtime.CucumberExecutionContext.runTestCase(CucumberExecutionContext.java:136)\r\n\tat io.cucumber.testng.TestNGCucumberRunner.runScenario(TestNGCucumberRunner.java:132)\r\n\tat io.cucumber.testng.AbstractTestNGCucumberTests.runScenario(AbstractTestNGCucumberTests.java:35)\r\n\tat java.base/jdk.internal.reflect.DirectMethodHandleAccessor.invoke(DirectMethodHandleAccessor.java:104)\r\n\tat java.base/java.lang.reflect.Method.invoke(Method.java:565)\r\n\tat org.testng.internal.invokers.MethodInvocationHelper.invokeMethod(MethodInvocationHelper.java:141)\r\n\tat org.testng.internal.invokers.TestInvoker.invokeMethod(TestInvoker.java:687)\r\n\tat org.testng.internal.invokers.TestInvoker.invokeTestMethod(TestInvoker.java:230)\r\n\tat org.testng.internal.invokers.MethodRunner.runInSequence(MethodRunner.java:63)\r\n\tat org.testng.internal.invokers.TestInvoker$MethodInvocationAgent.invoke(TestInvoker.java:995)\r\n\tat org.testng.internal.invokers.TestInvoker.invokeTestMethods(TestInvoker.java:203)\r\n\tat org.testng.internal.invokers.TestMethodWorker.invokeTestMethods(TestMethodWorker.java:154)\r\n\tat org.testng.internal.invokers.TestMethodWorker.run(TestMethodWorker.java:134)\r\n\tat java.base/java.util.ArrayList.forEach(ArrayList.java:1604)\r\n\tat org.testng.TestRunner.privateRun(TestRunner.java:741)\r\n\tat org.testng.TestRunner.run(TestRunner.java:616)\r\n\tat org.testng.SuiteRunner.runTest(SuiteRunner.java:421)\r\n\tat org.testng.SuiteRunner.runSequentially(SuiteRunner.java:413)\r\n\tat org.testng.SuiteRunner.privateRun(SuiteRunner.java:373)\r\n\tat org.testng.SuiteRunner.run(SuiteRunner.java:312)\r\n\tat org.testng.SuiteRunnerWorker.runSuite(SuiteRunnerWorker.java:52)\r\n\tat org.testng.SuiteRunnerWorker.run(SuiteRunnerWorker.java:95)\r\n\tat org.testng.TestNG.runSuitesSequentially(TestNG.java:1274)\r\n\tat org.testng.TestNG.runSuitesLocally(TestNG.java:1208)\r\n\tat org.testng.TestNG.runSuites(TestNG.java:1112)\r\n\tat org.testng.TestNG.run(TestNG.java:1079)\r\n\tat com.intellij.rt.testng.IDEARemoteTestNG.run(IDEARemoteTestNG.java:65)\r\n\tat com.intellij.rt.testng.RemoteTestNGStarter.main(RemoteTestNGStarter.java:105)\r\n"},"stage":"finished","steps":[{"name":"Get current URL","status":"passed","stage":"finished","steps":[],"attachments":[],"parameters":[{"name":"driver","value":"ChromeDriver: chrome on windows (03a4f424fcc2b2a9ad434b464bb35d9b)"}],"start":1764351844549,"stop":1764351844587}],"attachments":[],"parameters":[{"name":"driver","value":"ChromeDriver: chrome on windows (03a4f424fcc2b2a9ad434b464bb35d9b)"},{"name":"expected","value":"null"}],"start":1764351844549,"stop":1764351844605}],"attachments":[],"parameters":[],"start":1764351844530,"stop":1764351844605}],"attachments":[],"parameters":[{"name":"arg1","value":"\"E-shop User Flow\""},{"name":"arg0","value":"\"User completes a purchase successfully\""}],"start":1764351832849,"stop":1764351844645}