<?xml version="1.0" encoding="UTF-8"?>
<!-- Generated by org.testng.reporters.JUnitXMLReporter -->
<testsuite ignored="0" hostname="3bsatar" failures="0" tests="5" name="Surefire test" time="7.122" errors="0" timestamp="2025-11-07T02:44:02 EET">
  <testcase classname="com.swaglabs.tests.E2eTest" name="successfulLogin" time="0.801"/>
  <testcase classname="com.swaglabs.tests.E2eTest" name="addingProductToCart" time="0.261"/>
  <testcase classname="com.swaglabs.tests.E2eTest" name="checkoutProduct" time="0.404"/>
  <testcase classname="com.swaglabs.tests.E2eTest" name="fillInformationForm" time="0.773"/>
  <testcase classname="com.swaglabs.tests.E2eTest" name="overviewPage" time="0.283"/>
</testsuite> <!-- Surefire test -->
