<?xml version="1.0" encoding="UTF-8"?>
<!-- Generated by org.testng.reporters.JUnitXMLReporter -->
<testsuite ignored="0" hostname="3bsatar" failures="0" tests="5" name="Surefire test" time="6.841" errors="0" timestamp="2025-11-07T02:57:26 EET">
  <testcase classname="com.swaglabs.tests.E2eTest" name="successfulLogin" time="0.84"/>
  <testcase classname="com.swaglabs.tests.E2eTest" name="addingProductToCart" time="0.282"/>
  <testcase classname="com.swaglabs.tests.E2eTest" name="checkoutProduct" time="0.357"/>
  <testcase classname="com.swaglabs.tests.E2eTest" name="fillInformationForm" time="0.703"/>
  <testcase classname="com.swaglabs.tests.E2eTest" name="overviewPage" time="0.47"/>
</testsuite> <!-- Surefire test -->
